<?xml version="1.0" encoding="UTF-8"?>
<!-- Generated by org.testng.reporters.JUnitReportReporter -->
<testsuite hostname="laptop" failures="0" tests="5" name="com.freecrm.testcases.HomePageTest" time="77.785" errors="0" timestamp="18 Oct 2022 06:05:26 GMT" skipped="0">
  <testcase classname="com.freecrm.testcases.HomePageTest" name="verifyUserNameDisplayed" time="14.349"/>
  <testcase classname="com.freecrm.testcases.HomePageTest" name="verifyTitle" time="14.355"/>
  <testcase classname="com.freecrm.testcases.HomePageTest" name="verifyCalendarPage" time="16.959"/>
  <testcase classname="com.freecrm.testcases.HomePageTest" name="verifyCompaniesPage" time="16.645"/>
  <testcase classname="com.freecrm.testcases.HomePageTest" name="moveToContactsPage" time="15.477"/>
</testsuite> <!-- com.freecrm.testcases.HomePageTest -->
