<?xml version="1.0" encoding="UTF-8"?>
<!-- Generated by org.testng.reporters.JUnitReportReporter -->
<testsuite hostname="laptop" failures="0" tests="4" name="com.freecrm.testcases.LogInPageTest" time="44.950" errors="0" timestamp="18 Oct 2022 06:05:26 GMT" skipped="0">
  <testcase classname="com.freecrm.testcases.LogInPageTest" name="validateLogo" time="7.437"/>
  <testcase classname="com.freecrm.testcases.LogInPageTest" name="validateTitle" time="7.260"/>
  <testcase classname="com.freecrm.testcases.LogInPageTest" name="validateLogin_WrongCredentials" time="16.083"/>
  <testcase classname="com.freecrm.testcases.LogInPageTest" name="validateLogin" time="14.170"/>
</testsuite> <!-- com.freecrm.testcases.LogInPageTest -->
